 
****************************************
Report : cell
Design : Top_Parallel_FIR
Version: J-2014.09
Date   : Sun Nov 15 12:24:43 2015
****************************************

Attributes:
    b - black box (unknown)
    h - hierarchical
    n - noncombinational
    r - removable
    u - contains unmapped logic

Cell                      Reference       Library             Area  Attributes
--------------------------------------------------------------------------------
A1                        Arith_Unit                      26920.857564
                                                                    h
C1                        Coef_ROM                        0.000000  h
S1                        Shift_register                  2917.555256
                                                                    h, n
conv_sum_reg[0]           DFCNQD1         tcbn90gtc       16.128000 n
conv_sum_reg[1]           DFCNQD1         tcbn90gtc       16.128000 n
conv_sum_reg[2]           DFCNQD1         tcbn90gtc       16.128000 n
conv_sum_reg[3]           DFCNQD1         tcbn90gtc       16.128000 n
conv_sum_reg[4]           DFCNQD1         tcbn90gtc       16.128000 n
conv_sum_reg[5]           DFCNQD1         tcbn90gtc       16.128000 n
conv_sum_reg[6]           DFCNQD1         tcbn90gtc       16.128000 n
conv_sum_reg[7]           DFCNQD1         tcbn90gtc       16.128000 n
conv_sum_reg[8]           DFCNQD1         tcbn90gtc       16.128000 n
conv_sum_reg[9]           DFCNQD1         tcbn90gtc       16.128000 n
conv_sum_reg[10]          DFCNQD1         tcbn90gtc       16.128000 n
conv_sum_reg[11]          DFCNQD1         tcbn90gtc       16.128000 n
conv_sum_reg[12]          DFCNQD1         tcbn90gtc       16.128000 n
conv_sum_reg[13]          DFCNQD1         tcbn90gtc       16.128000 n
conv_sum_reg[14]          DFCNQD1         tcbn90gtc       16.128000 n
conv_sum_reg[15]          DFCNQD1         tcbn90gtc       16.128000 n
conv_sum_reg[16]          DFCNQD1         tcbn90gtc       16.128000 n
conv_sum_reg[17]          DFCNQD1         tcbn90gtc       16.128000 n
conv_sum_reg[18]          DFCNQD1         tcbn90gtc       16.128000 n
conv_sum_reg[19]          DFCNQD1         tcbn90gtc       16.128000 n
conv_sum_reg[20]          DFCNQD1         tcbn90gtc       16.128000 n
conv_sum_reg[21]          DFCNQD1         tcbn90gtc       16.128000 n
conv_sum_reg[22]          DFCNQD1         tcbn90gtc       16.128000 n
conv_sum_reg[23]          DFCNQD1         tcbn90gtc       16.128000 n
f1                        FSM                             20.160000 h, n
--------------------------------------------------------------------------------
Total 28 cells                                            30245.644826
1
