Information: Updating design information... (UID-85)
 
****************************************
Report : constraint
Design : Top_Parallel_FIR
Version: J-2014.09
Date   : Thu Nov 19 11:01:51 2015
****************************************


                                                   Weighted
    Group (max_delay/setup)      Cost     Weight     Cost
    -----------------------------------------------------
    clk                          1.08      1.00      1.08
    default                      0.00      1.00      0.00
    -----------------------------------------------------
    max_delay/setup                                  1.08

                              Total Neg  Critical
    Group (critical_range)      Slack    Endpoints   Cost
    -----------------------------------------------------
    clk                         16.84         1      1.08
    default                      0.00         0      0.00
    -----------------------------------------------------
    critical_range                                   1.08

                                                   Weighted
    Group (min_delay/hold)       Cost     Weight     Cost
    -----------------------------------------------------
    clk (no fix_hold)            0.00      1.00      0.00
    default                      0.00      1.00      0.00
    -----------------------------------------------------
    min_delay/hold                                   0.00


    Constraint                                       Cost
    -----------------------------------------------------
    max_transition                                   0.00 (MET)
    max_capacitance                                  0.00 (MET)
    max_delay/setup                                  1.08 (VIOLATED)
    sequential_clock_pulse_width                     0.00 (MET)
    critical_range                                   1.08 (VIOLATED)


1
