Loading db file '/afs/it.kth.se/pkg/synopsys/extra_libraries/standard_cell/TSMC/tcbn90g_110a/Front_End/timing_power/tcbn90g_110a/tcbn90gtc.db'
Information: Propagating switching activity (low effort zero delay simulation). (PWR-6)
Warning: Design has unannotated primary inputs. (PWR-414)
Warning: Design has unannotated sequential cell outputs. (PWR-415)
 
****************************************
Report : power
        -analysis_effort low
Design : Top_Parallel_FIR
Version: J-2014.09
Date   : Sun Nov 15 12:24:45 2015
****************************************


Library(s) Used:

    tcbn90gtc (File: /afs/it.kth.se/pkg/synopsys/extra_libraries/standard_cell/TSMC/tcbn90g_110a/Front_End/timing_power/tcbn90g_110a/tcbn90gtc.db)


Operating Conditions: NCCOM   Library: tcbn90gtc
Wire Load Model Mode: top

Design        Wire Load Model            Library
------------------------------------------------
Top_Parallel_FIR       TSMC16K_Lowk_Conservative
                                         tcbn90gtc


Global Operating Voltage = 1    
Power-specific unit information :
    Voltage Units = 1V
    Capacitance Units = 1.000000pf
    Time Units = 1ns
    Dynamic Power Units = 1mW    (derived from V,C,T units)
    Leakage Power Units = 1nW


  Cell Internal Power  = 671.4412 uW   (86%)
  Net Switching Power  = 110.6389 uW   (14%)
                         ---------
Total Dynamic Power    = 782.0801 uW  (100%)

Cell Leakage Power     =  83.1411 uW


                 Internal         Switching           Leakage            Total
Power Group      Power            Power               Power              Power   (   %    )  Attrs
--------------------------------------------------------------------------------------------------
io_pad             0.0000            0.0000            0.0000            0.0000  (   0.00%)
memory             0.0000            0.0000            0.0000            0.0000  (   0.00%)
black_box          0.0000            0.0000            0.0000            0.0000  (   0.00%)
clock_network      0.0000            0.0000            0.0000            0.0000  (   0.00%)
register           0.4586        4.9141e-03        4.4084e+03            0.4680  (  54.09%)
sequential         0.0000            0.0000            0.0000            0.0000  (   0.00%)
combinational      0.2128            0.1057        7.8733e+04            0.3973  (  45.91%)
--------------------------------------------------------------------------------------------------
Total              0.6714 mW         0.1106 mW     8.3141e+04 nW         0.8652 mW
1
