 
****************************************
Report : cell
Design : FIR_Toplevel
Version: J-2014.09
Date   : Tue Nov 24 20:21:01 2015
****************************************

Attributes:
    b - black box (unknown)
    h - hierarchical
    n - noncombinational
    r - removable
    u - contains unmapped logic

Cell                      Reference       Library             Area  Attributes
--------------------------------------------------------------------------------
U_delayline               Delayline_CB                    4024.742447
                                                                    h, n
u_FIRP                    FIR_Processor                   7065.676849
                                                                    h, n
u_ROM                     ROM_Process                     16.128000 h
--------------------------------------------------------------------------------
Total 3 cells                                             11106.547297
1
