Loading db file '/afs/it.kth.se/pkg/synopsys/extra_libraries/standard_cell/TSMC/tcbn90g_110a/Front_End/timing_power/tcbn90g_110a/tcbn90gtc.db'
Information: Propagating switching activity (low effort zero delay simulation). (PWR-6)
Warning: Design has unannotated primary inputs. (PWR-414)
Warning: Design has unannotated sequential cell outputs. (PWR-415)
 
****************************************
Report : power
        -analysis_effort low
Design : Top_Partially_Parallel_FIR
Version: J-2014.09
Date   : Mon Nov 16 21:27:39 2015
****************************************


Library(s) Used:

    tcbn90gtc (File: /afs/it.kth.se/pkg/synopsys/extra_libraries/standard_cell/TSMC/tcbn90g_110a/Front_End/timing_power/tcbn90g_110a/tcbn90gtc.db)


Operating Conditions: NCCOM   Library: tcbn90gtc
Wire Load Model Mode: top

Design        Wire Load Model            Library
------------------------------------------------
Top_Partially_Parallel_FIR
                       TSMC8K_Lowk_Conservative
                                         tcbn90gtc


Global Operating Voltage = 1    
Power-specific unit information :
    Voltage Units = 1V
    Capacitance Units = 1.000000pf
    Time Units = 1ns
    Dynamic Power Units = 1mW    (derived from V,C,T units)
    Leakage Power Units = 1nW


  Cell Internal Power  =   1.2240 mW   (90%)
  Net Switching Power  = 131.5277 uW   (10%)
                         ---------
Total Dynamic Power    =   1.3556 mW  (100%)

Cell Leakage Power     =  23.4758 uW


                 Internal         Switching           Leakage            Total
Power Group      Power            Power               Power              Power   (   %    )  Attrs
--------------------------------------------------------------------------------------------------
io_pad             0.0000            0.0000            0.0000            0.0000  (   0.00%)
memory             0.0000            0.0000            0.0000            0.0000  (   0.00%)
black_box          0.0000            0.0000            0.0000            0.0000  (   0.00%)
clock_network      0.0000            0.0000            0.0000            0.0000  (   0.00%)
register           1.1235        1.9564e-02        5.9173e+03            1.1490  (  83.32%)
sequential         0.0000            0.0000            0.0000            0.0000  (   0.00%)
combinational      0.1005            0.1120        1.7559e+04            0.2300  (  16.68%)
--------------------------------------------------------------------------------------------------
Total              1.2240 mW         0.1315 mW     2.3476e+04 nW         1.3791 mW
1
