 
****************************************
Report : area
Design : Top_Partially_Parallel_FIR
Version: J-2014.09
Date   : Mon Nov 16 21:27:38 2015
****************************************

Library(s) Used:

    tcbn90gtc (File: /afs/it.kth.se/pkg/synopsys/extra_libraries/standard_cell/TSMC/tcbn90g_110a/Front_End/timing_power/tcbn90g_110a/tcbn90gtc.db)

Number of ports:                           38
Number of nets:                           124
Number of cells:                           29
Number of combinational cells:             24
Number of sequential cells:                 0
Number of macros/black boxes:               0
Number of buf/inv:                          0
Number of references:                       6

Combinational area:               6578.611186
Buf/Inv area:                      306.431998
Noncombinational area:            3949.747280
Macro/Black Box area:                0.000000
Net Interconnect area:      undefined  (Wire load has zero net area)

Total cell area:                 10528.358467
Total area:                 undefined
1
