 
****************************************
Report : cell
Design : FIR_Toplevel
Version: J-2014.09
Date   : Thu Dec  3 16:36:09 2015
****************************************

Attributes:
    b - black box (unknown)
    h - hierarchical
    n - noncombinational
    r - removable
    u - contains unmapped logic

Cell                      Reference       Library             Area  Attributes
--------------------------------------------------------------------------------
U_delayline               Delayline_CB                    2591.769635
                                                                    h, n
u_FIRP                    FIR_Processor                   1854.720009
                                                                    h, n
u_ROM                     ROM_Process                     16.128000 h
--------------------------------------------------------------------------------
Total 3 cells                                             4462.617644
1
