 
****************************************
Report : area
Design : FIR_Toplevel
Version: J-2014.09
Date   : Thu Dec  3 16:36:09 2015
****************************************

Library(s) Used:

    tcbn90gtc (File: /afs/it.kth.se/pkg/synopsys/extra_libraries/standard_cell/TSMC/tcbn90g_110a/Front_End/timing_power/tcbn90g_110a/tcbn90gtc.db)

Number of ports:                           12
Number of nets:                            23
Number of cells:                            3
Number of combinational cells:              0
Number of sequential cells:                 0
Number of macros/black boxes:               0
Number of buf/inv:                          0
Number of references:                       3

Combinational area:               2228.889611
Buf/Inv area:                       70.156800
Noncombinational area:            2233.728033
Macro/Black Box area:                0.000000
Net Interconnect area:      undefined  (Wire load has zero net area)

Total cell area:                  4462.617644
Total area:                 undefined
1
