ncelab: 14.10-s004: (c) Copyright 1995-2014 Cadence Design Systems, Inc.
ncelab: *W,ARCMRA: Elaborating the WORKLIB.TB_FIR:TB_FIR_BEHAVIOURAL, MRA (most recently analyzed) architecture.
   LHD1 \mem2_reg[0][3]  (.Q(\mem2[0][3] ),
                       |
ncelab: *W,CUVWSP (./Phy_FIR.v,80|23): 1 output port was not connected:
ncelab: (./tcbn90g.v,8546): QN

   LHD1 \mem2_reg[0][2]  (.Q(\mem2[0][2] ),
                       |
ncelab: *W,CUVWSP (./Phy_FIR.v,83|23): 1 output port was not connected:
ncelab: (./tcbn90g.v,8546): QN

   LHD1 \mem2_reg[0][1]  (.Q(\mem2[0][1] ),
                       |
ncelab: *W,CUVWSP (./Phy_FIR.v,86|23): 1 output port was not connected:
ncelab: (./tcbn90g.v,8546): QN

   LHD1 \mem2_reg[0][0]  (.Q(\mem2[0][0] ),
                       |
ncelab: *W,CUVWSP (./Phy_FIR.v,89|23): 1 output port was not connected:
ncelab: (./tcbn90g.v,8546): QN

   LHD1 \mem2_reg[1][3]  (.Q(\mem2[1][3] ),
                       |
ncelab: *W,CUVWSP (./Phy_FIR.v,92|23): 1 output port was not connected:
ncelab: (./tcbn90g.v,8546): QN

   LHD1 \mem2_reg[1][2]  (.Q(\mem2[1][2] ),
                       |
ncelab: *W,CUVWSP (./Phy_FIR.v,95|23): 1 output port was not connected:
ncelab: (./tcbn90g.v,8546): QN

   LHD1 \mem2_reg[1][1]  (.Q(\mem2[1][1] ),
                       |
ncelab: *W,CUVWSP (./Phy_FIR.v,98|23): 1 output port was not connected:
ncelab: (./tcbn90g.v,8546): QN

   LHD1 \mem2_reg[1][0]  (.Q(\mem2[1][0] ),
                       |
ncelab: *W,CUVWSP (./Phy_FIR.v,101|23): 1 output port was not connected:
ncelab: (./tcbn90g.v,8546): QN

   LHD1 \mem2_reg[2][3]  (.Q(\mem2[2][3] ),
                       |
ncelab: *W,CUVWSP (./Phy_FIR.v,104|23): 1 output port was not connected:
ncelab: (./tcbn90g.v,8546): QN

   LHD1 \mem2_reg[2][2]  (.Q(\mem2[2][2] ),
                       |
ncelab: *W,CUVWSP (./Phy_FIR.v,107|23): 1 output port was not connected:
ncelab: (./tcbn90g.v,8546): QN

   LHD1 \mem2_reg[2][1]  (.Q(\mem2[2][1] ),
                       |
ncelab: *W,CUVWSP (./Phy_FIR.v,110|23): 1 output port was not connected:
ncelab: (./tcbn90g.v,8546): QN

   LHD1 \mem2_reg[2][0]  (.Q(\mem2[2][0] ),
                       |
ncelab: *W,CUVWSP (./Phy_FIR.v,113|23): 1 output port was not connected:
ncelab: (./tcbn90g.v,8546): QN

   LHD1 \mem2_reg[3][3]  (.Q(\mem2[3][3] ),
                       |
ncelab: *W,CUVWSP (./Phy_FIR.v,116|23): 1 output port was not connected:
ncelab: (./tcbn90g.v,8546): QN

   LHD1 \mem2_reg[3][2]  (.Q(\mem2[3][2] ),
                       |
ncelab: *W,CUVWSP (./Phy_FIR.v,119|23): 1 output port was not connected:
ncelab: (./tcbn90g.v,8546): QN

   LHD1 \mem2_reg[3][1]  (.Q(\mem2[3][1] ),
                       |
ncelab: *W,CUVWSP (./Phy_FIR.v,122|23): 1 output port was not connected:
ncelab: (./tcbn90g.v,8546): QN

   LHD1 \mem2_reg[3][0]  (.Q(\mem2[3][0] ),
                       |
ncelab: *W,CUVWSP (./Phy_FIR.v,125|23): 1 output port was not connected:
ncelab: (./tcbn90g.v,8546): QN

   LNCND1 \mem2_reg[4][3]  (.Q(\mem2[4][3] ),
                         |
ncelab: *W,CUVWSP (./Phy_FIR.v,128|25): 1 output port was not connected:
ncelab: (./tcbn90g.v,8744): QN

   LNCND1 \mem2_reg[4][2]  (.Q(\mem2[4][2] ),
                         |
ncelab: *W,CUVWSP (./Phy_FIR.v,132|25): 1 output port was not connected:
ncelab: (./tcbn90g.v,8744): QN

   LNCND1 \mem2_reg[4][1]  (.Q(\mem2[4][1] ),
                         |
ncelab: *W,CUVWSP (./Phy_FIR.v,136|25): 1 output port was not connected:
ncelab: (./tcbn90g.v,8744): QN

   LNCND1 \mem2_reg[4][0]  (.Q(\mem2[4][0] ),
                         |
ncelab: *W,CUVWSP (./Phy_FIR.v,140|25): 1 output port was not connected:
ncelab: (./tcbn90g.v,8744): QN

   LHD1 \outp_reg[3]  (.Q(outp[3]),
                    |
ncelab: *W,CUVWSP (./Phy_FIR.v,144|20): 1 output port was not connected:
ncelab: (./tcbn90g.v,8546): QN

   LHD1 \outp_reg[2]  (.Q(outp[2]),
                    |
ncelab: *W,CUVWSP (./Phy_FIR.v,147|20): 1 output port was not connected:
ncelab: (./tcbn90g.v,8546): QN

   LHD1 \outp_reg[1]  (.Q(outp[1]),
                    |
ncelab: *W,CUVWSP (./Phy_FIR.v,150|20): 1 output port was not connected:
ncelab: (./tcbn90g.v,8546): QN

   LHD1 \outp_reg[0]  (.Q(outp[0]),
                    |
ncelab: *W,CUVWSP (./Phy_FIR.v,153|20): 1 output port was not connected:
ncelab: (./tcbn90g.v,8546): QN

   LND1 latch (.Q(net89),
            |
ncelab: *W,CUVWSP (./Phy_FIR.v,315|12): 1 output port was not connected:
ncelab: (./tcbn90g.v,9068): QN

   DFSND1 rws_wire_reg (.SDN(rst_n),
                     |
ncelab: *W,CUVWSP (./Phy_FIR.v,1073|21): 1 output port was not connected:
ncelab: (./tcbn90g.v,5212): QN

   LND1 latch (.Q(net74),
            |
ncelab: *W,CUVWSP (./Phy_FIR.v,1719|12): 1 output port was not connected:
ncelab: (./tcbn90g.v,9068): QN

   FIR_Processor_DW01_add_0 add_115 (.A({ N84,
                                  |
ncelab: *W,CUVWSP (./Phy_FIR.v,2507|34): 1 output port was not connected:
ncelab: (./Phy_FIR.v,2173): CO

   DFSND1 dav_wire_reg (.SDN(rst_n),
                     |
ncelab: *W,CUVWSP (./Phy_FIR.v,2854|21): 1 output port was not connected:
ncelab: (./tcbn90g.v,5212): QN

ncelab: Memory Usage - 36.1M program + 14.9M data = 51.0M total (Peak 53.8M)
ncelab: CPU Usage - 0.1s system + 0.2s user = 0.3s total (0.5s, 76.7% cpu)
